<?xml version="1.0" encoding="UTF-8"?>
<coverage generated="1768751369759" clover="3.2.0">
  <project timestamp="1768751369759" name="All files">
    <metrics statements="5" coveredstatements="5" conditionals="0" coveredconditionals="0" methods="4" coveredmethods="4" elements="9" coveredelements="9" complexity="0" loc="5" ncloc="5" packages="1" files="2" classes="2"/>
    <file name="Counter.css" path="C:\Users\ASUS\OneDrive\Desktop\learn-react\learn-react-sdp\SL-75\day10\src\components\Counter.css">
      <metrics statements="0" coveredstatements="0" conditionals="0" coveredconditionals="0" methods="0" coveredmethods="0"/>
    </file>
    <file name="Counter.jsx" path="C:\Users\ASUS\OneDrive\Desktop\learn-react\learn-react-sdp\SL-75\day10\src\components\Counter.jsx">
      <metrics statements="5" coveredstatements="5" conditionals="0" coveredconditionals="0" methods="4" coveredmethods="4"/>
      <line num="5" count="8" type="stmt"/>
      <line num="7" count="8" type="stmt"/>
      <line num="12" count="2" type="stmt"/>
      <line num="13" count="1" type="stmt"/>
      <line num="14" count="1" type="stmt"/>
    </file>
  </project>
</coverage>
