{"C:\\Users\\ASUS\\OneDrive\\Desktop\\learn-react\\learn-react-sdp\\SL-75\\day10\\src\\components\\Counter.css": {"path":"C:\\Users\\ASUS\\OneDrive\\Desktop\\learn-react\\learn-react-sdp\\SL-75\\day10\\src\\components\\Counter.css","statementMap":{},"fnMap":{},"branchMap":{},"s":{},"f":{},"b":{},"meta":{"lastBranch":0,"lastFunction":0,"lastStatement":0,"seen":{}}}
,"C:\\Users\\ASUS\\OneDrive\\Desktop\\learn-react\\learn-react-sdp\\SL-75\\day10\\src\\components\\Counter.jsx": {"path":"C:\\Users\\ASUS\\OneDrive\\Desktop\\learn-react\\learn-react-sdp\\SL-75\\day10\\src\\components\\Counter.jsx","statementMap":{"0":{"start":{"line":5,"column":24},"end":{"line":5,"column":null}},"1":{"start":{"line":7,"column":2},"end":{"line":16,"column":null}},"2":{"start":{"line":12,"column":31},"end":{"line":12,"column":52}},"3":{"start":{"line":13,"column":31},"end":{"line":13,"column":52}},"4":{"start":{"line":14,"column":31},"end":{"line":14,"column":44}}},"fnMap":{"0":{"name":"Counter","decl":{"start":{"line":4,"column":24},"end":{"line":4,"column":34}},"loc":{"start":{"line":4,"column":34},"end":{"line":18,"column":null}},"line":4},"1":{"name":"(anonymous_1)","decl":{"start":{"line":12,"column":25},"end":{"line":12,"column":31}},"loc":{"start":{"line":12,"column":31},"end":{"line":12,"column":52}},"line":12},"2":{"name":"(anonymous_2)","decl":{"start":{"line":13,"column":25},"end":{"line":13,"column":31}},"loc":{"start":{"line":13,"column":31},"end":{"line":13,"column":52}},"line":13},"3":{"name":"(anonymous_3)","decl":{"start":{"line":14,"column":25},"end":{"line":14,"column":31}},"loc":{"start":{"line":14,"column":31},"end":{"line":14,"column":44}},"line":14}},"branchMap":{},"s":{"0":8,"1":8,"2":2,"3":1,"4":1},"f":{"0":8,"1":2,"2":1,"3":1},"b":{},"meta":{"lastBranch":0,"lastFunction":4,"lastStatement":5,"seen":{"f:4:24:4:34":0,"s:5:24:5:Infinity":0,"s:7:2:16:Infinity":1,"f:12:25:12:31":1,"s:12:31:12:52":2,"f:13:25:13:31":2,"s:13:31:13:52":3,"f:14:25:14:31":3,"s:14:31:14:44":4}}}
}
